2024-03-07 12:52:20,551 - INFO - loading projection weights from GoogleNews-vectors-negative300.bin
2024-03-07 12:52:20,649 - INFO - KeyedVectors lifecycle event {'msg': 'loaded (10000, 300) matrix of type float32 from GoogleNews-vectors-negative300.bin', 'binary': True, 'encoding': 'utf8', 'datetime': '2024-03-07T12:52:20.648183', 'gensim': '4.3.2', 'python': '3.10.13 (main, Feb  2 2024, 16:57:57) [GCC 11.4.0]', 'platform': 'Linux-5.15.133.1-microsoft-standard-WSL2-x86_64-with-glibc2.35', 'event': 'load_word2vec_format'}
2024-03-07 12:52:20,650 - INFO - Environment created with the following parameters:
2024-03-07 12:52:20,650 - INFO - wiki_file: /home/gabriel/cours/RL/projet/wikipedia_april.csv
2024-03-07 12:52:20,650 - INFO - test_model: True
2024-03-07 12:52:20,650 - INFO - render_mode: human 

2024-03-07 12:52:20,660 - INFO - Reset of the environment with the following wikipedia article: {'id': 1, 'url': 'https://simple.wikipedia.org/wiki/April'} 

2024-03-07 12:52:21,367 - INFO - For the state: [] 
 the random policy chose the action: random.
2024-03-07 12:52:21,367 - INFO - Random word chosen from the vocabulary: widely
2024-03-07 12:52:21,917 - INFO - A step was performed with the word: widely 

2024-03-07 12:52:21,918 - INFO - For the state: ['widely'] 
 the random policy chose the action: closest_of_closest_words.
2024-03-07 12:52:21,926 - INFO - The closest of the closest words is commonly with a score of 0.6300007700920105.
2024-03-07 12:52:22,472 - INFO - A step was performed with the word: commonly 

2024-03-07 12:52:22,472 - INFO - For the state: ['widely', 'commonly'] 
 the random policy chose the action: random.
2024-03-07 12:52:22,473 - INFO - Random word chosen from the vocabulary: Zach
2024-03-07 12:52:23,019 - INFO - A step was performed with the word: Zach 

2024-03-07 12:52:23,020 - INFO - For the state: ['widely', 'commonly', 'Zach'] 
 the random policy chose the action: random.
2024-03-07 12:52:23,020 - INFO - Random word chosen from the vocabulary: recognition
2024-03-07 12:52:23,566 - INFO - A step was performed with the word: recognition 

2024-03-07 12:52:23,567 - INFO - For the state: ['widely', 'commonly', 'Zach', 'recognition'] 
 the random policy chose the action: closest_of_closest_words.
2024-03-07 12:52:23,570 - INFO - The closest of the closest words is Josh with a score of 0.8139536380767822.
2024-03-07 12:52:24,115 - INFO - A step was performed with the word: Josh 

2024-03-07 12:52:24,116 - INFO - For the state: ['widely', 'commonly', 'Zach', 'recognition', 'Josh'] 
 the random policy chose the action: closest_word_of_random_word.
2024-03-07 12:52:24,117 - INFO - Random word chosen from the fitted words in the article: Josh and the most similar word found is: Matt
2024-03-07 12:52:24,662 - INFO - A step was performed with the word: Matt 

2024-03-07 12:52:24,662 - INFO - For the state: ['widely', 'commonly', 'Zach', 'recognition', 'Josh', 'Matt'] 
 the random policy chose the action: closest_word_of_last_targetted_word.
2024-03-07 12:52:24,663 - INFO - Last proposed word: Matt and the most similar word found is: Chris
2024-03-07 12:52:25,207 - INFO - A step was performed with the word: Chris 

2024-03-07 12:52:25,207 - INFO - For the state: ['widely', 'commonly', 'Zach', 'recognition', 'Josh', 'Matt', 'Chris'] 
 the random policy chose the action: closest_word_of_last_targetted_word.
2024-03-07 12:52:25,208 - INFO - Last proposed word: Chris and the most similar word found is: Matt
2024-03-07 12:52:25,716 - INFO - A step was performed with the word: Matt 

2024-03-07 12:52:25,716 - INFO - For the state: ['widely', 'commonly', 'Zach', 'recognition', 'Josh', 'Matt', 'Chris'] 
 the random policy chose the action: closest_word_of_random_word.
2024-03-07 12:52:25,717 - INFO - Random word chosen from the fitted words in the article: recognition and the most similar word found is: recognized
2024-03-07 12:52:26,262 - INFO - A step was performed with the word: recognized 

2024-03-07 12:52:26,263 - INFO - For the state: ['widely', 'commonly', 'Zach', 'recognition', 'Josh', 'Matt', 'Chris', 'recognized'] 
 the random policy chose the action: closest_word_of_last_targetted_word.
2024-03-07 12:52:26,264 - INFO - Last proposed word: recognized and the most similar word found is: recognize
2024-03-07 12:52:26,813 - INFO - A step was performed with the word: recognize 

2024-03-07 12:52:26,814 - INFO - For the state: ['widely', 'commonly', 'Zach', 'recognition', 'Josh', 'Matt', 'Chris', 'recognized', 'recognize'] 
 the random policy chose the action: closest_word_of_last_targetted_word.
2024-03-07 12:52:26,815 - INFO - Last proposed word: recognize and the most similar word found is: recognizing
2024-03-07 12:52:27,361 - INFO - A step was performed with the word: recognizing 

2024-03-07 12:52:27,361 - INFO - For the state: ['widely', 'commonly', 'Zach', 'recognition', 'Josh', 'Matt', 'Chris', 'recognized', 'recognize', 'recognizing'] 
 the random policy chose the action: closest_of_closest_words.
2024-03-07 12:52:27,367 - INFO - The closest of the closest words is Matt with a score of 1.712188720703125.
2024-03-07 12:52:27,874 - INFO - A step was performed with the word: Matt 

2024-03-07 12:52:27,874 - INFO - For the state: ['widely', 'commonly', 'Zach', 'recognition', 'Josh', 'Matt', 'Chris', 'recognized', 'recognize', 'recognizing'] 
 the random policy chose the action: random.
2024-03-07 12:52:27,874 - INFO - Random word chosen from the vocabulary: fuel
2024-03-07 12:52:28,420 - INFO - A step was performed with the word: fuel 

2024-03-07 12:52:28,421 - INFO - For the state: ['widely', 'commonly', 'Zach', 'recognition', 'Josh', 'Matt', 'Chris', 'recognized', 'recognize', 'recognizing', 'fuel'] 
 the random policy chose the action: closest_word_of_last_targetted_word.
2024-03-07 12:52:28,422 - INFO - Last proposed word: fuel and the most similar word found is: gasoline
2024-03-07 12:52:28,966 - INFO - A step was performed with the word: gasoline 

2024-03-07 12:52:28,967 - INFO - For the state: ['widely', 'commonly', 'Zach', 'recognition', 'Josh', 'Matt', 'Chris', 'recognized', 'recognize', 'recognizing', 'fuel', 'gasoline'] 
 the random policy chose the action: closest_word_of_last_targetted_word.
2024-03-07 12:52:28,973 - INFO - Last proposed word: gasoline and the most similar word found is: fuel
2024-03-07 12:52:29,480 - INFO - A step was performed with the word: fuel 

2024-03-07 12:52:29,481 - INFO - For the state: ['widely', 'commonly', 'Zach', 'recognition', 'Josh', 'Matt', 'Chris', 'recognized', 'recognize', 'recognizing', 'fuel', 'gasoline'] 
 the random policy chose the action: closest_of_closest_words.
2024-03-07 12:52:29,487 - INFO - The closest of the closest words is Matt with a score of 1.712188720703125.
2024-03-07 12:52:29,994 - INFO - A step was performed with the word: Matt 

2024-03-07 12:52:29,995 - INFO - For the state: ['widely', 'commonly', 'Zach', 'recognition', 'Josh', 'Matt', 'Chris', 'recognized', 'recognize', 'recognizing', 'fuel', 'gasoline'] 
 the random policy chose the action: random.
2024-03-07 12:52:29,995 - INFO - Random word chosen from the vocabulary: shoppers
2024-03-07 12:52:30,540 - INFO - A step was performed with the word: shoppers 

2024-03-07 12:52:30,540 - INFO - For the state: ['widely', 'commonly', 'Zach', 'recognition', 'Josh', 'Matt', 'Chris', 'recognized', 'recognize', 'recognizing', 'fuel', 'gasoline', 'shoppers'] 
 the random policy chose the action: random.
2024-03-07 12:52:30,540 - INFO - Random word chosen from the vocabulary: either
2024-03-07 12:52:31,087 - INFO - A step was performed with the word: either 

2024-03-07 12:52:31,087 - INFO - For the state: ['widely', 'commonly', 'Zach', 'recognition', 'Josh', 'Matt', 'Chris', 'recognized', 'recognize', 'recognizing', 'fuel', 'gasoline', 'shoppers', 'either'] 
 the random policy chose the action: closest_word_of_random_word.
2024-03-07 12:52:31,089 - INFO - Random word chosen from the fitted words in the article: recognizing and the most similar word found is: recognize
2024-03-07 12:52:31,595 - INFO - A step was performed with the word: recognize 

2024-03-07 12:52:31,596 - INFO - For the state: ['widely', 'commonly', 'Zach', 'recognition', 'Josh', 'Matt', 'Chris', 'recognized', 'recognize', 'recognizing', 'fuel', 'gasoline', 'shoppers', 'either'] 
 the random policy chose the action: closest_word_of_random_word.
2024-03-07 12:52:31,597 - INFO - Random word chosen from the fitted words in the article: recognition and the most similar word found is: recognized
2024-03-07 12:52:32,105 - INFO - A step was performed with the word: recognized 

